Copyright 1986-2022 Xilinx, Inc. All Rights Reserved.
-----------------------------------------------------------------------------------------------------------------------------------------
| Tool Version : Vivado v.2022.1.1 (lin64) Build 3557992 Fri Jun  3 09:56:20 MDT 2022
| Date         : Mon Aug 22 10:28:00 2022
| Host         : 86e49382c030 running 64-bit unknown
| Command      : report_utilization -file u96v2_sbc_base_wrapper_utilization_placed.rpt -pb u96v2_sbc_base_wrapper_utilization_placed.pb
| Design       : u96v2_sbc_base_wrapper
| Device       : xczu3eg-sbva484-1-i
| Speed File   : -1
| Design State : Fully Placed
-----------------------------------------------------------------------------------------------------------------------------------------

Utilization Design Information

Table of Contents
-----------------
1. CLB Logic
1.1 Summary of Registers by Type
2. CLB Logic Distribution
3. BLOCKRAM
4. ARITHMETIC
5. I/O
6. CLOCK
7. ADVANCED
8. CONFIGURATION
9. Primitives
10. Black Boxes
11. Instantiated Netlists

1. CLB Logic
------------

+----------------------------+-------+-------+------------+-----------+-------+
|          Site Type         |  Used | Fixed | Prohibited | Available | Util% |
+----------------------------+-------+-------+------------+-----------+-------+
| CLB LUTs                   | 12566 |     0 |          0 |     70560 | 17.81 |
|   LUT as Logic             | 11811 |     0 |          0 |     70560 | 16.74 |
|   LUT as Memory            |   755 |     0 |          0 |     28800 |  2.62 |
|     LUT as Distributed RAM |   396 |     0 |            |           |       |
|     LUT as Shift Register  |   359 |     0 |            |           |       |
| CLB Registers              | 14269 |     0 |          0 |    141120 | 10.11 |
|   Register as Flip Flop    | 14269 |     0 |          0 |    141120 | 10.11 |
|   Register as Latch        |     0 |     0 |          0 |    141120 |  0.00 |
| CARRY8                     |    13 |     0 |          0 |      8820 |  0.15 |
| F7 Muxes                   |    26 |     0 |          0 |     35280 |  0.07 |
| F8 Muxes                   |     0 |     0 |          0 |     17640 |  0.00 |
| F9 Muxes                   |     0 |     0 |          0 |      8820 |  0.00 |
+----------------------------+-------+-------+------------+-----------+-------+


1.1 Summary of Registers by Type
--------------------------------

+-------+--------------+-------------+--------------+
| Total | Clock Enable | Synchronous | Asynchronous |
+-------+--------------+-------------+--------------+
| 0     |            _ |           - |            - |
| 0     |            _ |           - |          Set |
| 0     |            _ |           - |        Reset |
| 0     |            _ |         Set |            - |
| 0     |            _ |       Reset |            - |
| 0     |          Yes |           - |            - |
| 297   |          Yes |           - |          Set |
| 621   |          Yes |           - |        Reset |
| 360   |          Yes |         Set |            - |
| 12991 |          Yes |       Reset |            - |
+-------+--------------+-------------+--------------+


2. CLB Logic Distribution
-------------------------

+--------------------------------------------+-------+-------+------------+-----------+-------+
|                  Site Type                 |  Used | Fixed | Prohibited | Available | Util% |
+--------------------------------------------+-------+-------+------------+-----------+-------+
| CLB                                        |  2477 |     0 |          0 |      8820 | 28.08 |
|   CLBL                                     |  1571 |     0 |            |           |       |
|   CLBM                                     |   906 |     0 |            |           |       |
| LUT as Logic                               | 11811 |     0 |          0 |     70560 | 16.74 |
|   using O5 output only                     |   436 |       |            |           |       |
|   using O6 output only                     |  8063 |       |            |           |       |
|   using O5 and O6                          |  3312 |       |            |           |       |
| LUT as Memory                              |   755 |     0 |          0 |     28800 |  2.62 |
|   LUT as Distributed RAM                   |   396 |     0 |            |           |       |
|     using O5 output only                   |     0 |       |            |           |       |
|     using O6 output only                   |    36 |       |            |           |       |
|     using O5 and O6                        |   360 |       |            |           |       |
|   LUT as Shift Register                    |   359 |     0 |            |           |       |
|     using O5 output only                   |     0 |       |            |           |       |
|     using O6 output only                   |   345 |       |            |           |       |
|     using O5 and O6                        |    14 |       |            |           |       |
| CLB Registers                              | 14269 |     0 |          0 |    141120 | 10.11 |
|   Register driven from within the CLB      |  7069 |       |            |           |       |
|   Register driven from outside the CLB     |  7200 |       |            |           |       |
|     LUT in front of the register is unused |  3829 |       |            |           |       |
|     LUT in front of the register is used   |  3371 |       |            |           |       |
| Unique Control Sets                        |   859 |       |          0 |     17640 |  4.87 |
+--------------------------------------------+-------+-------+------------+-----------+-------+
* * Note: Available Control Sets calculated as Slices * 2, Review the Control Sets Report for more information regarding control sets.


3. BLOCKRAM
-----------

+-------------------+------+-------+------------+-----------+-------+
|     Site Type     | Used | Fixed | Prohibited | Available | Util% |
+-------------------+------+-------+------------+-----------+-------+
| Block RAM Tile    |    4 |     0 |          0 |       216 |  1.85 |
|   RAMB36/FIFO*    |    4 |     0 |          0 |       216 |  1.85 |
|     RAMB36E2 only |    4 |       |            |           |       |
|   RAMB18          |    0 |     0 |          0 |       432 |  0.00 |
+-------------------+------+-------+------------+-----------+-------+
* Note: Each Block RAM Tile only has one FIFO logic available and therefore can accommodate only one FIFO36E2 or one FIFO18E2. However, if a FIFO18E2 occupies a Block RAM Tile, that tile can still accommodate a RAMB18E2


4. ARITHMETIC
-------------

+-----------+------+-------+------------+-----------+-------+
| Site Type | Used | Fixed | Prohibited | Available | Util% |
+-----------+------+-------+------------+-----------+-------+
| DSPs      |    0 |     0 |          0 |       360 |  0.00 |
+-----------+------+-------+------------+-----------+-------+


5. I/O
------

+------------------+------+-------+------------+-----------+-------+
|     Site Type    | Used | Fixed | Prohibited | Available | Util% |
+------------------+------+-------+------------+-----------+-------+
| Bonded IOB       |   45 |    45 |          0 |        82 | 54.88 |
| HPIOB_M          |   13 |    13 |          0 |        26 | 50.00 |
|   INPUT          |    0 |       |            |           |       |
|   OUTPUT         |   13 |       |            |           |       |
|   BIDIR          |    0 |       |            |           |       |
| HPIOB_S          |   14 |    14 |          0 |        26 | 53.85 |
|   INPUT          |    0 |       |            |           |       |
|   OUTPUT         |   14 |       |            |           |       |
|   BIDIR          |    0 |       |            |           |       |
| HDIOB_M          |    6 |     6 |          0 |        12 | 50.00 |
|   INPUT          |    3 |       |            |           |       |
|   OUTPUT         |    3 |       |            |           |       |
|   BIDIR          |    0 |       |            |           |       |
| HDIOB_S          |   10 |    10 |          0 |        12 | 83.33 |
|   INPUT          |    2 |       |            |           |       |
|   OUTPUT         |    8 |       |            |           |       |
|   BIDIR          |    0 |       |            |           |       |
| HPIOB_SNGL       |    2 |     2 |          0 |         6 | 33.33 |
|   INPUT          |    0 |       |            |           |       |
|   OUTPUT         |    2 |       |            |           |       |
|   BIDIR          |    0 |       |            |           |       |
| HPIOBDIFFINBUF   |    0 |     0 |          0 |        72 |  0.00 |
| HPIOBDIFFOUTBUF  |    0 |     0 |          0 |        72 |  0.00 |
| HDIOBDIFFINBUF   |    0 |     0 |          0 |        48 |  0.00 |
| BITSLICE_CONTROL |    0 |     0 |          0 |        24 |  0.00 |
| BITSLICE_RX_TX   |    0 |     0 |          0 |       936 |  0.00 |
| BITSLICE_TX      |    0 |     0 |          0 |        24 |  0.00 |
| RIU_OR           |    0 |     0 |          0 |        12 |  0.00 |
+------------------+------+-------+------------+-----------+-------+


6. CLOCK
--------

+----------------------+------+-------+------------+-----------+-------+
|       Site Type      | Used | Fixed | Prohibited | Available | Util% |
+----------------------+------+-------+------------+-----------+-------+
| GLOBAL CLOCK BUFFERs |    2 |     0 |          0 |       196 |  1.02 |
|   BUFGCE             |    1 |     0 |          0 |        88 |  1.14 |
|   BUFGCE_DIV         |    0 |     0 |          0 |        12 |  0.00 |
|   BUFG_PS            |    1 |     0 |          0 |        72 |  1.39 |
|   BUFGCTRL*          |    0 |     0 |          0 |        24 |  0.00 |
| PLL                  |    0 |     0 |          0 |         6 |  0.00 |
| MMCM                 |    0 |     0 |          0 |         3 |  0.00 |
+----------------------+------+-------+------------+-----------+-------+
* Note: Each used BUFGCTRL counts as two GLOBAL CLOCK BUFFERs. This table does not include global clocking resources, only buffer cell usage. See the Clock Utilization Report (report_clock_utilization) for detailed accounting of global clocking resource availability.


7. ADVANCED
-----------

+-----------+------+-------+------------+-----------+--------+
| Site Type | Used | Fixed | Prohibited | Available |  Util% |
+-----------+------+-------+------------+-----------+--------+
| PS8       |    1 |     0 |          0 |         1 | 100.00 |
| SYSMONE4  |    1 |     1 |          0 |         1 | 100.00 |
+-----------+------+-------+------------+-----------+--------+


8. CONFIGURATION
----------------

+-------------+------+-------+------------+-----------+-------+
|  Site Type  | Used | Fixed | Prohibited | Available | Util% |
+-------------+------+-------+------------+-----------+-------+
| BSCANE2     |    0 |     0 |          0 |         4 |  0.00 |
| DNA_PORTE2  |    0 |     0 |          0 |         1 |  0.00 |
| EFUSE_USR   |    0 |     0 |          0 |         1 |  0.00 |
| FRAME_ECCE4 |    0 |     0 |          0 |         1 |  0.00 |
| ICAPE3      |    0 |     0 |          0 |         2 |  0.00 |
| MASTER_JTAG |    0 |     0 |          0 |         1 |  0.00 |
| STARTUPE3   |    0 |     0 |          0 |         1 |  0.00 |
+-------------+------+-------+------------+-----------+-------+


9. Primitives
-------------

+----------+-------+---------------------+
| Ref Name |  Used | Functional Category |
+----------+-------+---------------------+
| FDRE     | 12991 |            Register |
| LUT6     |  4750 |                 CLB |
| LUT3     |  3394 |                 CLB |
| LUT5     |  3156 |                 CLB |
| LUT4     |  1870 |                 CLB |
| LUT2     |  1333 |                 CLB |
| RAMD32   |   666 |                 CLB |
| FDCE     |   621 |            Register |
| LUT1     |   620 |                 CLB |
| FDSE     |   360 |            Register |
| FDPE     |   297 |            Register |
| SRLC32E  |   242 |                 CLB |
| SRL16E   |   131 |                 CLB |
| RAMS32   |    90 |                 CLB |
| OBUF     |    40 |                 I/O |
| MUXF7    |    26 |                 CLB |
| CARRY8   |    13 |                 CLB |
| INBUF    |     5 |                 I/O |
| IBUFCTRL |     5 |              Others |
| RAMB36E2 |     4 |            BLOCKRAM |
| SYSMONE4 |     1 |            Advanced |
| PS8      |     1 |            Advanced |
| BUFG_PS  |     1 |               Clock |
| BUFGCE   |     1 |               Clock |
+----------+-------+---------------------+


10. Black Boxes
---------------

+----------+------+
| Ref Name | Used |
+----------+------+


11. Instantiated Netlists
-------------------------

+------------------------------------------+------+
|                 Ref Name                 | Used |
+------------------------------------------+------+
| u96v2_sbc_base_zynq_ultra_ps_e_0_0       |    1 |
| u96v2_sbc_base_xbar_0                    |    1 |
| u96v2_sbc_base_system_management_wiz_0_0 |    1 |
| u96v2_sbc_base_proc_sys_reset_0_0        |    1 |
| u96v2_sbc_base_blk_mem_gen_0_0           |    1 |
| u96v2_sbc_base_axi_uart16550_1_0         |    1 |
| u96v2_sbc_base_axi_uart16550_0_0         |    1 |
| u96v2_sbc_base_axi_intc_0_0              |    1 |
| u96v2_sbc_base_axi_gpio_2_0              |    1 |
| u96v2_sbc_base_axi_gpio_1_0              |    1 |
| u96v2_sbc_base_axi_gpio_0_0              |    1 |
| u96v2_sbc_base_axi_bram_ctrl_0_0         |    1 |
| u96v2_sbc_base_auto_pc_8                 |    1 |
| u96v2_sbc_base_auto_pc_7                 |    1 |
| u96v2_sbc_base_auto_pc_6                 |    1 |
| u96v2_sbc_base_auto_pc_5                 |    1 |
| u96v2_sbc_base_auto_pc_4                 |    1 |
| u96v2_sbc_base_auto_pc_3                 |    1 |
| u96v2_sbc_base_auto_pc_2                 |    1 |
| u96v2_sbc_base_auto_pc_1                 |    1 |
| u96v2_sbc_base_auto_pc_0                 |    1 |
| u96v2_sbc_base_auto_ds_8                 |    1 |
| u96v2_sbc_base_auto_ds_7                 |    1 |
| u96v2_sbc_base_auto_ds_6                 |    1 |
| u96v2_sbc_base_auto_ds_5                 |    1 |
| u96v2_sbc_base_auto_ds_4                 |    1 |
| u96v2_sbc_base_auto_ds_3                 |    1 |
| u96v2_sbc_base_auto_ds_2                 |    1 |
| u96v2_sbc_base_auto_ds_1                 |    1 |
| u96v2_sbc_base_auto_ds_0                 |    1 |
| u96v2_sbc_base_PWM_w_Int_1_0             |    1 |
| u96v2_sbc_base_PWM_w_Int_0_0             |    1 |
+------------------------------------------+------+


